  Actor.cpp
  AnimSpriteComponent.cpp
C:\Users\KSM\source\repos\Game_SDL\AnimSpriteComponent.cpp(25,32): warning C4244: '=': 'int'에서 'float'(으)로 변환하면서 데이터가 손실될 수 있습니다.
C:\Users\KSM\source\repos\Game_SDL\AnimSpriteComponent.cpp(52,30): warning C4244: '=': 'int'에서 'float'(으)로 변환하면서 데이터가 손실될 수 있습니다.
  BGSpriteComponent.cpp
  Character.cpp
  Component.cpp
  Game.cpp
C:\Users\KSM\source\repos\Game_SDL\Game.cpp(127,19): warning C4305: '=': 'double'에서 'float'(으)로 잘립니다.
  Game_SDL.cpp
  Ship.cpp
  SpriteComponent.cpp
  TileMapComponent.cpp
C:\Users\KSM\source\repos\Game_SDL\TileMapComponent.cpp(100,21): warning C4018: '<': signed 또는 unsigned가 일치하지 않습니다.
  코드를 생성하고 있습니다.
  Previous IPDB not found, fall back to full compilation.
C:\Users\KSM\source\repos\Game_SDL\TileMapComponent.cpp(119): warning C4715: 'TileMapComponent::SetTileMapState': 모든 제어 경로에서 값을 반환하지는 않습니다.
  All 812 functions were compiled because no usable IPDB/IOBJ from previous compilation was found.
  코드를 생성했습니다.
  Game_SDL.vcxproj -> C:\Users\KSM\source\repos\Game_SDL\Release\Game_SDL.exe
